{"D:\\CodingTraining\\Development\\NodeJS\\microservices-me\\media-service\\src\\app\\database.js": {"path":"D:\\CodingTraining\\Development\\NodeJS\\microservices-me\\media-service\\src\\app\\database.js","statementMap":{"0":{"start":{"line":3,"column":28},"end":{"line":6,"column":2}}},"fnMap":{},"branchMap":{},"s":{"0":1},"f":{},"b":{},"_coverageSchema":"1a1c01bbd47fc00a2c39e90264f33305004495a9","hash":"1d208b21234b2aaa8c7e14936ef6fb5153f0c342"}
,"D:\\CodingTraining\\Development\\NodeJS\\microservices-me\\media-service\\src\\app\\web.js": {"path":"D:\\CodingTraining\\Development\\NodeJS\\microservices-me\\media-service\\src\\app\\web.js","statementMap":{"0":{"start":{"line":6,"column":19},"end":{"line":6,"column":28}},"1":{"start":{"line":8,"column":0},"end":{"line":8,"column":40}},"2":{"start":{"line":9,"column":0},"end":{"line":9,"column":24}},"3":{"start":{"line":10,"column":0},"end":{"line":10,"column":34}},"4":{"start":{"line":12,"column":0},"end":{"line":12,"column":22}},"5":{"start":{"line":14,"column":0},"end":{"line":14,"column":25}}},"fnMap":{},"branchMap":{},"s":{"0":1,"1":1,"2":1,"3":1,"4":1,"5":1},"f":{},"b":{},"_coverageSchema":"1a1c01bbd47fc00a2c39e90264f33305004495a9","hash":"4200fc8ad4fca2beb417aabc52b37d702376a932"}
,"D:\\CodingTraining\\Development\\NodeJS\\microservices-me\\media-service\\src\\controller\\media-controller.js": {"path":"D:\\CodingTraining\\Development\\NodeJS\\microservices-me\\media-service\\src\\controller\\media-controller.js","statementMap":{"0":{"start":{"line":2,"column":15},"end":{"line":17,"column":1}},"1":{"start":{"line":3,"column":4},"end":{"line":16,"column":5}},"2":{"start":{"line":4,"column":22},"end":{"line":4,"column":57}},"3":{"start":{"line":5,"column":8},"end":{"line":12,"column":11}},"4":{"start":{"line":15,"column":8},"end":{"line":15,"column":18}},"5":{"start":{"line":19,"column":15},"end":{"line":30,"column":1}},"6":{"start":{"line":20,"column":4},"end":{"line":29,"column":5}},"7":{"start":{"line":21,"column":25},"end":{"line":21,"column":52}},"8":{"start":{"line":22,"column":8},"end":{"line":26,"column":11}},"9":{"start":{"line":28,"column":8},"end":{"line":28,"column":16}},"10":{"start":{"line":32,"column":15},"end":{"line":45,"column":1}},"11":{"start":{"line":33,"column":4},"end":{"line":44,"column":5}},"12":{"start":{"line":34,"column":8},"end":{"line":34,"column":59}},"13":{"start":{"line":35,"column":8},"end":{"line":41,"column":11}},"14":{"start":{"line":43,"column":8},"end":{"line":43,"column":16}}},"fnMap":{"0":{"name":"(anonymous_0)","decl":{"start":{"line":2,"column":15},"end":{"line":2,"column":16}},"loc":{"start":{"line":2,"column":41},"end":{"line":17,"column":1}},"line":2},"1":{"name":"(anonymous_1)","decl":{"start":{"line":19,"column":15},"end":{"line":19,"column":16}},"loc":{"start":{"line":19,"column":41},"end":{"line":30,"column":1}},"line":19},"2":{"name":"(anonymous_2)","decl":{"start":{"line":32,"column":15},"end":{"line":32,"column":16}},"loc":{"start":{"line":32,"column":41},"end":{"line":45,"column":1}},"line":32}},"branchMap":{},"s":{"0":1,"1":2,"2":2,"3":1,"4":1,"5":1,"6":1,"7":1,"8":1,"9":0,"10":1,"11":2,"12":2,"13":1,"14":1},"f":{"0":2,"1":1,"2":2},"b":{},"_coverageSchema":"1a1c01bbd47fc00a2c39e90264f33305004495a9","hash":"831bb3c24b9d202c0c65310f70c1cf68cc4aff3b"}
,"D:\\CodingTraining\\Development\\NodeJS\\microservices-me\\media-service\\src\\exception\\response-error.js": {"path":"D:\\CodingTraining\\Development\\NodeJS\\microservices-me\\media-service\\src\\exception\\response-error.js","statementMap":{"0":{"start":{"line":3,"column":8},"end":{"line":3,"column":23}},"1":{"start":{"line":4,"column":8},"end":{"line":4,"column":36}},"2":{"start":{"line":5,"column":8},"end":{"line":5,"column":36}}},"fnMap":{"0":{"name":"(anonymous_0)","decl":{"start":{"line":2,"column":4},"end":{"line":2,"column":5}},"loc":{"start":{"line":2,"column":49},"end":{"line":6,"column":5}},"line":2}},"branchMap":{},"s":{"0":2,"1":2,"2":2},"f":{"0":2},"b":{},"_coverageSchema":"1a1c01bbd47fc00a2c39e90264f33305004495a9","hash":"f15eea5ee5ff635bb4b613f24037afdbd4fb65e6"}
,"D:\\CodingTraining\\Development\\NodeJS\\microservices-me\\media-service\\src\\middleware\\error-middleware.js": {"path":"D:\\CodingTraining\\Development\\NodeJS\\microservices-me\\media-service\\src\\middleware\\error-middleware.js","statementMap":{"0":{"start":{"line":3,"column":24},"end":{"line":23,"column":1}},"1":{"start":{"line":4,"column":4},"end":{"line":7,"column":5}},"2":{"start":{"line":5,"column":8},"end":{"line":5,"column":15}},"3":{"start":{"line":6,"column":8},"end":{"line":6,"column":15}},"4":{"start":{"line":9,"column":4},"end":{"line":22,"column":5}},"5":{"start":{"line":10,"column":8},"end":{"line":14,"column":17}},"6":{"start":{"line":16,"column":8},"end":{"line":16,"column":24}},"7":{"start":{"line":17,"column":8},"end":{"line":21,"column":17}}},"fnMap":{"0":{"name":"(anonymous_0)","decl":{"start":{"line":3,"column":24},"end":{"line":3,"column":25}},"loc":{"start":{"line":3,"column":55},"end":{"line":23,"column":1}},"line":3}},"branchMap":{"0":{"loc":{"start":{"line":4,"column":4},"end":{"line":7,"column":5}},"type":"if","locations":[{"start":{"line":4,"column":4},"end":{"line":7,"column":5}},{"start":{},"end":{}}],"line":4},"1":{"loc":{"start":{"line":9,"column":4},"end":{"line":22,"column":5}},"type":"if","locations":[{"start":{"line":9,"column":4},"end":{"line":22,"column":5}},{"start":{"line":15,"column":12},"end":{"line":22,"column":5}}],"line":9}},"s":{"0":1,"1":2,"2":0,"3":0,"4":2,"5":2,"6":0,"7":0},"f":{"0":2},"b":{"0":[0,2],"1":[2,0]},"_coverageSchema":"1a1c01bbd47fc00a2c39e90264f33305004495a9","hash":"075fd8b70a37cf0440b29531bee7d28ada0f812a"}
,"D:\\CodingTraining\\Development\\NodeJS\\microservices-me\\media-service\\src\\routes\\media-handler.js": {"path":"D:\\CodingTraining\\Development\\NodeJS\\microservices-me\\media-service\\src\\routes\\media-handler.js","statementMap":{"0":{"start":{"line":4,"column":21},"end":{"line":4,"column":41}},"1":{"start":{"line":6,"column":0},"end":{"line":6,"column":52}},"2":{"start":{"line":7,"column":0},"end":{"line":7,"column":51}},"3":{"start":{"line":8,"column":0},"end":{"line":8,"column":58}}},"fnMap":{},"branchMap":{},"s":{"0":1,"1":1,"2":1,"3":1},"f":{},"b":{},"_coverageSchema":"1a1c01bbd47fc00a2c39e90264f33305004495a9","hash":"e05be705ab49002778a5ce09411ff5009f120081"}
,"D:\\CodingTraining\\Development\\NodeJS\\microservices-me\\media-service\\src\\service\\media-service.js": {"path":"D:\\CodingTraining\\Development\\NodeJS\\microservices-me\\media-service\\src\\service\\media-service.js","statementMap":{"0":{"start":{"line":10,"column":15},"end":{"line":31,"column":1}},"1":{"start":{"line":11,"column":18},"end":{"line":11,"column":69}},"2":{"start":{"line":13,"column":4},"end":{"line":15,"column":5}},"3":{"start":{"line":14,"column":8},"end":{"line":14,"column":78}},"4":{"start":{"line":17,"column":21},"end":{"line":17,"column":74}},"5":{"start":{"line":20,"column":21},"end":{"line":20,"column":47}},"6":{"start":{"line":22,"column":4},"end":{"line":30,"column":7}},"7":{"start":{"line":33,"column":15},"end":{"line":40,"column":1}},"8":{"start":{"line":34,"column":4},"end":{"line":39,"column":7}},"9":{"start":{"line":42,"column":15},"end":{"line":64,"column":1}},"10":{"start":{"line":43,"column":18},"end":{"line":47,"column":6}},"11":{"start":{"line":49,"column":4},"end":{"line":51,"column":5}},"12":{"start":{"line":50,"column":8},"end":{"line":50,"column":69}},"13":{"start":{"line":53,"column":4},"end":{"line":57,"column":7}},"14":{"start":{"line":54,"column":8},"end":{"line":56,"column":9}},"15":{"start":{"line":55,"column":12},"end":{"line":55,"column":105}},"16":{"start":{"line":59,"column":4},"end":{"line":63,"column":7}}},"fnMap":{"0":{"name":"(anonymous_0)","decl":{"start":{"line":10,"column":15},"end":{"line":10,"column":16}},"loc":{"start":{"line":10,"column":39},"end":{"line":31,"column":1}},"line":10},"1":{"name":"(anonymous_1)","decl":{"start":{"line":33,"column":15},"end":{"line":33,"column":16}},"loc":{"start":{"line":33,"column":27},"end":{"line":40,"column":1}},"line":33},"2":{"name":"(anonymous_2)","decl":{"start":{"line":42,"column":15},"end":{"line":42,"column":16}},"loc":{"start":{"line":42,"column":34},"end":{"line":64,"column":1}},"line":42},"3":{"name":"(anonymous_3)","decl":{"start":{"line":53,"column":41},"end":{"line":53,"column":42}},"loc":{"start":{"line":53,"column":50},"end":{"line":57,"column":5}},"line":53}},"branchMap":{"0":{"loc":{"start":{"line":13,"column":4},"end":{"line":15,"column":5}},"type":"if","locations":[{"start":{"line":13,"column":4},"end":{"line":15,"column":5}},{"start":{},"end":{}}],"line":13},"1":{"loc":{"start":{"line":49,"column":4},"end":{"line":51,"column":5}},"type":"if","locations":[{"start":{"line":49,"column":4},"end":{"line":51,"column":5}},{"start":{},"end":{}}],"line":49},"2":{"loc":{"start":{"line":54,"column":8},"end":{"line":56,"column":9}},"type":"if","locations":[{"start":{"line":54,"column":8},"end":{"line":56,"column":9}},{"start":{},"end":{}}],"line":54}},"s":{"0":1,"1":4,"2":4,"3":1,"4":3,"5":3,"6":3,"7":1,"8":1,"9":1,"10":2,"11":2,"12":1,"13":1,"14":1,"15":0,"16":1},"f":{"0":4,"1":1,"2":2,"3":1},"b":{"0":[1,3],"1":[1,1],"2":[0,1]},"_coverageSchema":"1a1c01bbd47fc00a2c39e90264f33305004495a9","hash":"1ac59ac2324244dec9756daa38bb1f453cffc726"}
,"D:\\CodingTraining\\Development\\NodeJS\\microservices-me\\media-service\\src\\validation\\media-validation.js": {"path":"D:\\CodingTraining\\Development\\NodeJS\\microservices-me\\media-service\\src\\validation\\media-validation.js","statementMap":{"0":{"start":{"line":3,"column":30},"end":{"line":5,"column":2}}},"fnMap":{},"branchMap":{},"s":{"0":1},"f":{},"b":{},"_coverageSchema":"1a1c01bbd47fc00a2c39e90264f33305004495a9","hash":"548cb8237d8a3d2a74a85775144a12f703b3c5cd"}
,"D:\\CodingTraining\\Development\\NodeJS\\microservices-me\\media-service\\src\\validation\\validation.js": {"path":"D:\\CodingTraining\\Development\\NodeJS\\microservices-me\\media-service\\src\\validation\\validation.js","statementMap":{"0":{"start":{"line":3,"column":24},"end":{"line":13,"column":1}},"1":{"start":{"line":4,"column":19},"end":{"line":6,"column":6}},"2":{"start":{"line":8,"column":4},"end":{"line":12,"column":5}},"3":{"start":{"line":9,"column":8},"end":{"line":9,"column":74}},"4":{"start":{"line":11,"column":8},"end":{"line":11,"column":28}}},"fnMap":{"0":{"name":"(anonymous_0)","decl":{"start":{"line":3,"column":24},"end":{"line":3,"column":25}},"loc":{"start":{"line":3,"column":45},"end":{"line":13,"column":1}},"line":3}},"branchMap":{"0":{"loc":{"start":{"line":8,"column":4},"end":{"line":12,"column":5}},"type":"if","locations":[{"start":{"line":8,"column":4},"end":{"line":12,"column":5}},{"start":{"line":10,"column":11},"end":{"line":12,"column":5}}],"line":8}},"s":{"0":1,"1":4,"2":4,"3":0,"4":4},"f":{"0":4},"b":{"0":[0,4]},"_coverageSchema":"1a1c01bbd47fc00a2c39e90264f33305004495a9","hash":"eb0a828b49fb8592a28006e2021f21b557dbeba9"}
}
