TN:
SF:src\app\database.js
FNF:0
FNH:0
DA:3,1
LF:1
LH:1
BRF:0
BRH:0
end_of_record
TN:
SF:src\app\web.js
FNF:0
FNH:0
DA:6,1
DA:8,1
DA:9,1
DA:10,1
DA:12,1
DA:14,1
LF:6
LH:6
BRF:0
BRH:0
end_of_record
TN:
SF:src\controller\media-controller.js
FN:2,(anonymous_0)
FN:19,(anonymous_1)
FN:32,(anonymous_2)
FNF:3
FNH:3
FNDA:2,(anonymous_0)
FNDA:1,(anonymous_1)
FNDA:2,(anonymous_2)
DA:2,1
DA:3,2
DA:4,2
DA:5,1
DA:15,1
DA:19,1
DA:20,1
DA:21,1
DA:22,1
DA:28,0
DA:32,1
DA:33,2
DA:34,2
DA:35,1
DA:43,1
LF:15
LH:14
BRF:0
BRH:0
end_of_record
TN:
SF:src\exception\response-error.js
FN:2,(anonymous_0)
FNF:1
FNH:1
FNDA:2,(anonymous_0)
DA:3,2
DA:4,2
DA:5,2
LF:3
LH:3
BRF:0
BRH:0
end_of_record
TN:
SF:src\middleware\error-middleware.js
FN:3,(anonymous_0)
FNF:1
FNH:1
FNDA:2,(anonymous_0)
DA:3,1
DA:4,2
DA:5,0
DA:6,0
DA:9,2
DA:10,2
DA:16,0
DA:17,0
LF:8
LH:4
BRDA:4,0,0,0
BRDA:4,0,1,2
BRDA:9,1,0,2
BRDA:9,1,1,0
BRF:4
BRH:2
end_of_record
TN:
SF:src\routes\media-handler.js
FNF:0
FNH:0
DA:4,1
DA:6,1
DA:7,1
DA:8,1
LF:4
LH:4
BRF:0
BRH:0
end_of_record
TN:
SF:src\service\media-service.js
FN:10,(anonymous_0)
FN:33,(anonymous_1)
FN:42,(anonymous_2)
FN:53,(anonymous_3)
FNF:4
FNH:4
FNDA:4,(anonymous_0)
FNDA:1,(anonymous_1)
FNDA:2,(anonymous_2)
FNDA:1,(anonymous_3)
DA:10,1
DA:11,4
DA:13,4
DA:14,1
DA:17,3
DA:20,3
DA:22,3
DA:33,1
DA:34,1
DA:42,1
DA:43,2
DA:49,2
DA:50,1
DA:53,1
DA:54,1
DA:55,0
DA:59,1
LF:17
LH:16
BRDA:13,0,0,1
BRDA:13,0,1,3
BRDA:49,1,0,1
BRDA:49,1,1,1
BRDA:54,2,0,0
BRDA:54,2,1,1
BRF:6
BRH:5
end_of_record
TN:
SF:src\validation\media-validation.js
FNF:0
FNH:0
DA:3,1
LF:1
LH:1
BRF:0
BRH:0
end_of_record
TN:
SF:src\validation\validation.js
FN:3,(anonymous_0)
FNF:1
FNH:1
FNDA:4,(anonymous_0)
DA:3,1
DA:4,4
DA:8,4
DA:9,0
DA:11,4
LF:5
LH:4
BRDA:8,0,0,0
BRDA:8,0,1,4
BRF:2
BRH:1
end_of_record
